<?xml version="1.0" encoding="UTF-8"?>
<!-- Generated by org.testng.reporters.JUnitReportReporter -->
<testsuite skipped="0" hostname="DESKTOP-APIDJLV" name="com.automation.Scripts.Purchase_Product" tests="2" failures="0" timestamp="2021-06-02T17:02:38 IST" time="18.260" errors="0">
  <testcase name="Opencart_PurchaseProduct" time="12.964" classname="com.automation.Scripts.Purchase_Product"/>
  <system-out/>
  <testcase name="ParllelTest" time="5.296" classname="com.automation.Scripts.Purchase_Product"/>
  <system-out/>
</testsuite> <!-- com.automation.Scripts.Purchase_Product -->
