<?xml version="1.0" encoding="UTF-8"?>
<!-- Generated by org.testng.reporters.JUnitReportReporter -->
<testsuite skipped="0" hostname="DESKTOP-APIDJLV" name="com.automation.Scripts.Etrade_Account" tests="1" failures="0" timestamp="2021-06-09T13:41:13 IST" time="12.641" errors="0">
  <testcase name="OpenAccount" time="12.641" classname="com.automation.Scripts.Etrade_Account"/>
  <system-out/>
</testsuite> <!-- com.automation.Scripts.Etrade_Account -->
