<?xml version="1.0" encoding="UTF-8"?>
<!-- Generated by org.testng.reporters.JUnitReportReporter -->
<testsuite skipped="0" hostname="DESKTOP-APIDJLV" name="com.automation.Scripts.Purchase_Product" tests="1" failures="0" timestamp="2021-05-24T13:42:24 IST" time="15.077" errors="0">
  <testcase name="Opencart_PurchaseProduct" time="15.077" classname="com.automation.Scripts.Purchase_Product"/>
  <system-out/>
</testsuite> <!-- com.automation.Scripts.Purchase_Product -->
