<?xml version="1.0" encoding="UTF-8"?>
<!-- Generated by org.testng.reporters.JUnitReportReporter -->
<testsuite skipped="0" hostname="DESKTOP-APIDJLV" name="com.automation.Scripts.Purchase_Product" tests="1" failures="0" timestamp="2021-06-07T15:23:04 IST" time="15.874" errors="0">
  <testcase name="Opencart_PurchaseProduct" time="15.874" classname="com.automation.Scripts.Purchase_Product"/>
  <system-out/>
</testsuite> <!-- com.automation.Scripts.Purchase_Product -->
