<?xml version="1.0" encoding="UTF-8"?>
<!-- Generated by org.testng.reporters.JUnitReportReporter -->
<testsuite skipped="0" hostname="DESKTOP-APIDJLV" name="com.automation.Scripts.Registration" tests="1" failures="0" timestamp="2021-06-08T15:55:31 IST" time="13.974" errors="0">
  <testcase name="Opencart_Registration" time="13.974" classname="com.automation.Scripts.Registration"/>
  <system-out/>
</testsuite> <!-- com.automation.Scripts.Registration -->
