<?xml version="1.0" encoding="UTF-8"?>
<!-- Generated by org.testng.reporters.JUnitReportReporter -->
<testsuite hostname="DESKTOP-APIDJLV" name="com.automation.Scripts.Etrade_Account" tests="1" failures="0" timestamp="9 Jun 2021 08:16:25 GMT" time="18.056" errors="0">
  <testcase name="OpenAccount" time="18.056" classname="com.automation.Scripts.Etrade_Account"/>
</testsuite> <!-- com.automation.Scripts.Etrade_Account -->
