<?xml version="1.0" encoding="UTF-8"?>
<!-- Generated by org.testng.reporters.JUnitReportReporter -->
<testsuite hostname="DESKTOP-APIDJLV" name="com.automation.Scripts.Purchase_Product" tests="1" failures="0" timestamp="7 Jun 2021 09:50:51 GMT" time="36.498" errors="0">
  <testcase name="Opencart_PurchaseProduct" time="36.498" classname="com.automation.Scripts.Purchase_Product"/>
</testsuite> <!-- com.automation.Scripts.Purchase_Product -->
