<?xml version="1.0" encoding="UTF-8"?>
<!-- Generated by org.testng.reporters.JUnitReportReporter -->
<testsuite hostname="DESKTOP-APIDJLV" name="com.automation.Scripts.Purchase_Product" tests="1" failures="0" timestamp="19 May 2021 15:24:53 GMT" time="13.843" errors="0">
  <testcase name="Opencart_PurchaseProduct" time="13.843" classname="com.automation.Scripts.Purchase_Product"/>
</testsuite> <!-- com.automation.Scripts.Purchase_Product -->
