<?xml version="1.0" encoding="UTF-8"?>
<!-- Generated by org.testng.reporters.JUnitReportReporter -->
<testsuite hostname="DESKTOP-APIDJLV" name="com.automation.Scripts.Purchase_Product" tests="2" failures="0" timestamp="2 Jun 2021 17:06:23 GMT" time="23.612" errors="0">
  <testcase name="ParllelTest" time="6.299" classname="com.automation.Scripts.Purchase_Product"/>
  <testcase name="Opencart_PurchaseProduct" time="17.313" classname="com.automation.Scripts.Purchase_Product"/>
</testsuite> <!-- com.automation.Scripts.Purchase_Product -->
