<?xml version="1.0" encoding="UTF-8"?>
<!-- Generated by org.testng.reporters.JUnitReportReporter -->
<testsuite hostname="DESKTOP-APIDJLV" name="com.automation.Scripts.Purchase_Product" tests="2" failures="0" timestamp="3 Jun 2021 07:43:23 GMT" time="31.835" errors="0">
  <testcase name="Opencart_PurchaseProduct" time="24.822" classname="com.automation.Scripts.Purchase_Product"/>
  <testcase name="ParllelTest" time="7.013" classname="com.automation.Scripts.Purchase_Product"/>
</testsuite> <!-- com.automation.Scripts.Purchase_Product -->
