<?xml version="1.0" encoding="UTF-8"?>
<!-- Generated by org.testng.reporters.JUnitReportReporter -->
<testsuite hostname="DESKTOP-APIDJLV" name="com.automation.Scripts.Purchase_Product" tests="3" failures="0" timestamp="7 Jun 2021 04:50:46 GMT" time="26.101" errors="0">
  <testcase name="Opencart_PurchaseProduct" time="16.519" classname="com.automation.Scripts.Purchase_Product"/>
  <testcase name="ParllelTest" time="5.939" classname="com.automation.Scripts.Purchase_Product"/>
  <testcase name="GmailTest" time="3.643" classname="com.automation.Scripts.Purchase_Product"/>
</testsuite> <!-- com.automation.Scripts.Purchase_Product -->
