<?xml version="1.0" encoding="UTF-8"?>
<!-- Generated by org.testng.reporters.JUnitReportReporter -->
<testsuite hostname="DESKTOP-APIDJLV" name="com.automation.Scripts.Purchase_Product" tests="3" failures="0" timestamp="7 Jun 2021 04:23:56 GMT" time="33.086" errors="0">
  <testcase name="GmailTest" time="2.743" classname="com.automation.Scripts.Purchase_Product"/>
  <testcase name="Opencart_PurchaseProduct" time="21.584" classname="com.automation.Scripts.Purchase_Product"/>
  <testcase name="ParllelTest" time="8.759" classname="com.automation.Scripts.Purchase_Product"/>
</testsuite> <!-- com.automation.Scripts.Purchase_Product -->
