<?xml version="1.0" encoding="UTF-8"?>
<!-- Generated by org.testng.reporters.JUnitReportReporter -->
<testsuite hostname="DESKTOP-APIDJLV" name="com.automation.Scripts.Purchase_Product" tests="1" failures="0" timestamp="9 Jun 2021 08:16:25 GMT" time="36.669" errors="0">
  <testcase name="Opencart_PurchaseProduct" time="36.669" classname="com.automation.Scripts.Purchase_Product"/>
</testsuite> <!-- com.automation.Scripts.Purchase_Product -->
